<?xml version="1.0" encoding="UTF-8"?>
<!-- Generated by org.testng.reporters.JUnitReportReporter -->
<testsuite hostname="CLIRKOL223" failures="0" tests="20" name="com.clirnet.sanity.ClirnetSanity" time="115.954" errors="0" timestamp="2023-09-19T09:46:25 IST" skipped="0">
  <testcase classname="com.clirnet.sanity.ClirnetSanity" name="HomeReadMedwiki" time="13.591"/>
  <system-out/>
  <testcase classname="com.clirnet.sanity.ClirnetSanity" name="homeclick" time="1.031"/>
  <system-out/>
  <testcase classname="com.clirnet.sanity.ClirnetSanity" name="doctubeclick" time="1.903"/>
  <system-out/>
  <testcase classname="com.clirnet.sanity.ClirnetSanity" name="communityclick" time="1.306"/>
  <system-out/>
  <testcase classname="com.clirnet.sanity.ClirnetSanity" name="ExploreClick" time="0.104"/>
  <system-out/>
  <testcase classname="com.clirnet.sanity.ClirnetSanity" name="LiveCMEClick" time="2.998"/>
  <system-out/>
  <testcase classname="com.clirnet.sanity.ClirnetSanity" name="LiveMedWikiClick" time="2.731"/>
  <system-out/>
  <testcase classname="com.clirnet.sanity.ClirnetSanity" name="ClinicalvideoClick" time="4.035"/>
  <system-out/>
  <testcase classname="com.clirnet.sanity.ClirnetSanity" name="ClickGrandRounds" time="3.396"/>
  <system-out/>
  <testcase classname="com.clirnet.sanity.ClirnetSanity" name="CoursesClick" time="2.447"/>
  <system-out/>
  <testcase classname="com.clirnet.sanity.ClirnetSanity" name="PollClick" time="4.596"/>
  <system-out/>
  <testcase classname="com.clirnet.sanity.ClirnetSanity" name="DDXClick" time="4.271"/>
  <system-out/>
  <testcase classname="com.clirnet.sanity.ClirnetSanity" name="Epaper" time="3.488"/>
  <system-out/>
  <testcase classname="com.clirnet.sanity.ClirnetSanity" name="Telemed" time="3.705"/>
  <system-out/>
  <testcase classname="com.clirnet.sanity.ClirnetSanity" name="DR" time="1.012"/>
  <system-out/>
  <testcase classname="com.clirnet.sanity.ClirnetSanity" name="EditProfile" time="19.021"/>
  <system-out/>
  <testcase classname="com.clirnet.sanity.ClirnetSanity" name="HeaderNavigation" time="13.819"/>
  <system-out/>
  <testcase classname="com.clirnet.sanity.ClirnetSanity" name="TrendingNowClick" time="5.212"/>
  <system-out/>
  <testcase classname="com.clirnet.sanity.ClirnetSanity" name="EbookDetail" time="19.658"/>
  <system-out/>
  <testcase classname="com.clirnet.sanity.ClirnetSanity" name="LiveCmeDetail" time="7.630"/>
  <system-out/>
</testsuite> <!-- com.clirnet.sanity.ClirnetSanity -->
