<?xml version="1.0" encoding="UTF-8"?>
<!-- Generated by org.testng.reporters.JUnitReportReporter -->
<testsuite hostname="CLIRKOL223" failures="0" tests="20" name="com.clirnet.sanity.ClirnetSanity" time="113.862" errors="0" timestamp="2023-09-15T12:02:37 IST" skipped="0">
  <testcase classname="com.clirnet.sanity.ClirnetSanity" name="HomeReadMedwiki" time="13.578"/>
  <system-out/>
  <testcase classname="com.clirnet.sanity.ClirnetSanity" name="homeclick" time="0.984"/>
  <system-out/>
  <testcase classname="com.clirnet.sanity.ClirnetSanity" name="doctubeclick" time="1.706"/>
  <system-out/>
  <testcase classname="com.clirnet.sanity.ClirnetSanity" name="communityclick" time="1.003"/>
  <system-out/>
  <testcase classname="com.clirnet.sanity.ClirnetSanity" name="ExploreClick" time="0.090"/>
  <system-out/>
  <testcase classname="com.clirnet.sanity.ClirnetSanity" name="LiveCMEClick" time="2.903"/>
  <system-out/>
  <testcase classname="com.clirnet.sanity.ClirnetSanity" name="LiveMedWikiClick" time="2.486"/>
  <system-out/>
  <testcase classname="com.clirnet.sanity.ClirnetSanity" name="ClinicalvideoClick" time="3.407"/>
  <system-out/>
  <testcase classname="com.clirnet.sanity.ClirnetSanity" name="ClickGrandRounds" time="3.579"/>
  <system-out/>
  <testcase classname="com.clirnet.sanity.ClirnetSanity" name="CoursesClick" time="2.395"/>
  <system-out/>
  <testcase classname="com.clirnet.sanity.ClirnetSanity" name="PollClick" time="4.023"/>
  <system-out/>
  <testcase classname="com.clirnet.sanity.ClirnetSanity" name="DDXClick" time="4.289"/>
  <system-out/>
  <testcase classname="com.clirnet.sanity.ClirnetSanity" name="Epaper" time="3.316"/>
  <system-out/>
  <testcase classname="com.clirnet.sanity.ClirnetSanity" name="Telemed" time="3.570"/>
  <system-out/>
  <testcase classname="com.clirnet.sanity.ClirnetSanity" name="DR" time="1.024"/>
  <system-out/>
  <testcase classname="com.clirnet.sanity.ClirnetSanity" name="EditProfile" time="18.457"/>
  <system-out/>
  <testcase classname="com.clirnet.sanity.ClirnetSanity" name="HeaderNavigation" time="16.440"/>
  <system-out/>
  <testcase classname="com.clirnet.sanity.ClirnetSanity" name="TrendingNowClick" time="5.120"/>
  <system-out/>
  <testcase classname="com.clirnet.sanity.ClirnetSanity" name="EbookDetail" time="19.077"/>
  <system-out/>
  <testcase classname="com.clirnet.sanity.ClirnetSanity" name="LiveCmeDetail" time="6.415"/>
  <system-out/>
</testsuite> <!-- com.clirnet.sanity.ClirnetSanity -->
